2024-01-27 00:23:52.466 +03:30  INF  User profile is available. Using '/Users/abolfazl/.aspnet/DataProtection-Keys' as key repository; keys will not be encrypted at rest.
2024-01-27 00:23:52.765 +03:30  INF  Now listening on: https://localhost:7097
2024-01-27 00:23:52.765 +03:30  INF  Now listening on: http://localhost:5097
2024-01-27 00:23:52.766 +03:30  INF  Application started. Press Ctrl+C to shut down.
2024-01-27 00:23:52.767 +03:30  INF  Hosting environment: Development
2024-01-27 00:23:52.767 +03:30  INF  Content root path: /Users/abolfazl/Documents/projects/capsell/backend/Capsell/Capsell
2024-01-27 00:23:55.435 +03:30  INF  Request starting HTTP/1.1 GET https://localhost:7097/swagger - -
2024-01-27 00:23:55.468 +03:30  INF  Request finished HTTP/1.1 GET https://localhost:7097/swagger - - - 301 0 - 34.6794ms
2024-01-27 00:23:55.476 +03:30  INF  Request starting HTTP/1.1 GET https://localhost:7097/swagger/index.html - -
2024-01-27 00:23:55.528 +03:30  INF  Request finished HTTP/1.1 GET https://localhost:7097/swagger/index.html - - - 200 - text/html;charset=utf-8 52.0930ms
2024-01-27 00:23:55.727 +03:30  INF  Request starting HTTP/1.1 GET https://localhost:7097/swagger/v1/swagger.json - -
2024-01-27 00:23:55.769 +03:30  INF  Request finished HTTP/1.1 GET https://localhost:7097/swagger/v1/swagger.json - - - 200 - application/json;charset=utf-8 42.2025ms
2024-01-27 01:29:23.712 +03:30  INF  User profile is available. Using '/Users/abolfazl/.aspnet/DataProtection-Keys' as key repository; keys will not be encrypted at rest.
2024-01-27 01:29:23.963 +03:30  INF  Now listening on: https://localhost:7097
2024-01-27 01:29:23.963 +03:30  INF  Now listening on: http://localhost:5097
2024-01-27 01:29:23.965 +03:30  INF  Application started. Press Ctrl+C to shut down.
2024-01-27 01:29:23.988 +03:30  INF  Hosting environment: Development
2024-01-27 01:29:23.988 +03:30  INF  Content root path: /Users/abolfazl/Documents/projects/capsell/backend/Capsell/Capsell
2024-01-27 01:29:26.270 +03:30  INF  Request starting HTTP/1.1 GET https://localhost:7097/swagger/index.html - -
2024-01-27 01:29:26.355 +03:30  INF  Request finished HTTP/1.1 GET https://localhost:7097/swagger/index.html - - - 200 - text/html;charset=utf-8 85.7212ms
2024-01-27 01:29:26.539 +03:30  INF  Request starting HTTP/1.1 GET https://localhost:7097/swagger/v1/swagger.json - -
2024-01-27 01:29:26.584 +03:30  INF  Request finished HTTP/1.1 GET https://localhost:7097/swagger/v1/swagger.json - - - 200 - application/json;charset=utf-8 45.4198ms
2024-01-27 01:31:08.991 +03:30  INF  Request starting HTTP/1.1 POST https://localhost:7097/api/Authenticate/customerRegister application/json 124
2024-01-27 01:31:09.001 +03:30  INF  CORS policy execution successful.
2024-01-27 01:31:09.004 +03:30  INF  Executing endpoint 'Capsell.Controllers.AuthenticateController.Register (Capsell)'
2024-01-27 01:31:09.031 +03:30  INF  Route matched with {action = "Register", controller = "Authenticate"}. Executing controller action with signature System.Threading.Tasks.Task`1[Microsoft.AspNetCore.Mvc.IActionResult] Register(Capsell.Models.Authenticate.RegisterModel) on controller Capsell.Controllers.AuthenticateController (Capsell).
2024-01-27 01:31:09.403 +03:30  INF  Entity Framework Core 6.0.1 initialized 'CapsellDbContext' using provider 'Microsoft.EntityFrameworkCore.SqlServer:6.0.1' with options: None
2024-01-27 01:31:09.689 +03:30  INF  Executed DbCommand (29ms) [Parameters=[@__normalizedUserName_0='?' (Size = 256)], CommandType='"Text"', CommandTimeout='30']
SELECT TOP(1) [a].[Id], [a].[AccessFailedCount], [a].[Address], [a].[ConcurrencyStamp], [a].[Email], [a].[EmailConfirmed], [a].[LockoutEnabled], [a].[LockoutEnd], [a].[Name], [a].[NormalizedEmail], [a].[NormalizedUserName], [a].[PasswordHash], [a].[PhoneNumber], [a].[PhoneNumberConfirmed], [a].[Role], [a].[SecurityStamp], [a].[TwoFactorEnabled], [a].[UserName]
FROM [AspNetUsers] AS [a]
WHERE [a].[NormalizedUserName] = @__normalizedUserName_0
2024-01-27 01:31:09.740 +03:30  INF  Executed DbCommand (3ms) [Parameters=[@__normalizedUserName_0='?' (Size = 256)], CommandType='"Text"', CommandTimeout='30']
SELECT TOP(1) [a].[Id], [a].[AccessFailedCount], [a].[Address], [a].[ConcurrencyStamp], [a].[Email], [a].[EmailConfirmed], [a].[LockoutEnabled], [a].[LockoutEnd], [a].[Name], [a].[NormalizedEmail], [a].[NormalizedUserName], [a].[PasswordHash], [a].[PhoneNumber], [a].[PhoneNumberConfirmed], [a].[Role], [a].[SecurityStamp], [a].[TwoFactorEnabled], [a].[UserName]
FROM [AspNetUsers] AS [a]
WHERE [a].[NormalizedUserName] = @__normalizedUserName_0
2024-01-27 01:31:09.942 +03:30  INF  Executed DbCommand (147ms) [Parameters=[@p0='?' (Size = 450), @p1='?' (DbType = Int32), @p2='?' (Size = 4000), @p3='?' (Size = 4000), @p4='?' (Size = 256), @p5='?' (DbType = Boolean), @p6='?' (DbType = Boolean), @p7='?' (DbType = DateTimeOffset), @p8='?' (Size = 4000), @p9='?' (Size = 256), @p10='?' (Size = 256), @p11='?' (Size = 4000), @p12='?' (Size = 4000), @p13='?' (DbType = Boolean), @p14='?' (Size = 4000), @p15='?' (Size = 4000), @p16='?' (DbType = Boolean), @p17='?' (Size = 256)], CommandType='"Text"', CommandTimeout='30']
SET NOCOUNT ON;
INSERT INTO [AspNetUsers] ([Id], [AccessFailedCount], [Address], [ConcurrencyStamp], [Email], [EmailConfirmed], [LockoutEnabled], [LockoutEnd], [Name], [NormalizedEmail], [NormalizedUserName], [PasswordHash], [PhoneNumber], [PhoneNumberConfirmed], [Role], [SecurityStamp], [TwoFactorEnabled], [UserName])
VALUES (@p0, @p1, @p2, @p3, @p4, @p5, @p6, @p7, @p8, @p9, @p10, @p11, @p12, @p13, @p14, @p15, @p16, @p17);
2024-01-27 01:31:09.954 +03:30  INF  user registered successfuly with id: d6490652-c28b-4f0a-9faa-367c6ce3797e
2024-01-27 01:31:09.957 +03:30  INF  Executing OkObjectResult, writing value of type 'Capsell.Models.Authenticate.Response'.
2024-01-27 01:31:09.960 +03:30  INF  Executed action Capsell.Controllers.AuthenticateController.Register (Capsell) in 927.8249ms
2024-01-27 01:31:09.961 +03:30  INF  Executed endpoint 'Capsell.Controllers.AuthenticateController.Register (Capsell)'
2024-01-27 01:31:09.962 +03:30  INF  Request finished HTTP/1.1 POST https://localhost:7097/api/Authenticate/customerRegister application/json 124 - 200 - application/json;+charset=utf-8 972.7394ms
